<?xml version="1.0" encoding="UTF-8"?>
<coverage generated="1746996114028" clover="3.2.0">
  <project timestamp="1746996114028" name="All files">
    <metrics statements="23" coveredstatements="20" conditionals="4" coveredconditionals="2" methods="11" coveredmethods="9" elements="38" coveredelements="31" complexity="0" loc="23" ncloc="23" packages="1" files="2" classes="2"/>
    <file name="Body.js" path="/Users/rumitvarsani/Library/Mobile Documents/com~apple~CloudDocs/Documents/React_Learning/Food_ordering_app/src/component/Body.js">
      <metrics statements="17" coveredstatements="15" conditionals="4" coveredconditionals="2" methods="8" coveredmethods="7"/>
      <line num="8" count="1" type="stmt"/>
      <line num="9" count="7" type="stmt"/>
      <line num="10" count="7" type="stmt"/>
      <line num="11" count="7" type="stmt"/>
      <line num="12" count="7" type="stmt"/>
      <line num="13" count="7" type="cond" truecount="1" falsecount="1"/>
      <line num="14" count="0" type="stmt"/>
      <line num="21" count="7" type="stmt"/>
      <line num="22" count="7" type="stmt"/>
      <line num="33" count="1" type="stmt"/>
      <line num="38" count="1" type="stmt"/>
      <line num="39" count="20" type="stmt"/>
      <line num="41" count="1" type="stmt"/>
      <line num="53" count="0" type="stmt"/>
      <line num="58" count="20" type="stmt"/>
      <line num="59" count="1" type="stmt"/>
      <line num="69" count="73" type="stmt"/>
    </file>
    <file name="ResturentCard.js" path="/Users/rumitvarsani/Library/Mobile Documents/com~apple~CloudDocs/Documents/React_Learning/Food_ordering_app/src/component/ResturentCard.js">
      <metrics statements="6" coveredstatements="5" conditionals="0" coveredconditionals="0" methods="3" coveredmethods="2"/>
      <line num="5" count="2" type="stmt"/>
      <line num="7" count="74" type="stmt"/>
      <line num="8" count="74" type="stmt"/>
      <line num="36" count="2" type="stmt"/>
      <line num="37" count="7" type="stmt"/>
      <line num="38" count="0" type="stmt"/>
    </file>
  </project>
</coverage>
