<?xml version="1.0" encoding="UTF-8"?>
<coverage generated="1746977776615" clover="3.2.0">
  <project timestamp="1746977776615" name="All files">
    <metrics statements="34" coveredstatements="27" conditionals="6" coveredconditionals="3" methods="15" coveredmethods="8" elements="55" coveredelements="38" complexity="0" loc="34" ncloc="34" packages="2" files="9" classes="9"/>
    <package name="Utils">
      <metrics statements="18" coveredstatements="13" conditionals="0" coveredconditionals="0" methods="7" coveredmethods="2"/>
      <file name="UserContext.js" path="/Users/rumitvarsani/Library/Mobile Documents/com~apple~CloudDocs/Documents/React_Learning/Food_ordering_app/src/Utils/UserContext.js">
        <metrics statements="1" coveredstatements="1" conditionals="0" coveredconditionals="0" methods="0" coveredmethods="0"/>
        <line num="3" count="2" type="stmt"/>
      </file>
      <file name="appStore.js" path="/Users/rumitvarsani/Library/Mobile Documents/com~apple~CloudDocs/Documents/React_Learning/Food_ordering_app/src/Utils/appStore.js">
        <metrics statements="1" coveredstatements="1" conditionals="0" coveredconditionals="0" methods="0" coveredmethods="0"/>
        <line num="4" count="1" type="stmt"/>
      </file>
      <file name="cartSlice.js" path="/Users/rumitvarsani/Library/Mobile Documents/com~apple~CloudDocs/Documents/React_Learning/Food_ordering_app/src/Utils/cartSlice.js">
        <metrics statements="5" coveredstatements="2" conditionals="0" coveredconditionals="0" methods="3" coveredmethods="0"/>
        <line num="3" count="1" type="stmt"/>
        <line num="10" count="0" type="stmt"/>
        <line num="13" count="0" type="stmt"/>
        <line num="16" count="0" type="stmt"/>
        <line num="21" count="1" type="stmt"/>
      </file>
      <file name="contants.js" path="/Users/rumitvarsani/Library/Mobile Documents/com~apple~CloudDocs/Documents/React_Learning/Food_ordering_app/src/Utils/contants.js">
        <metrics statements="3" coveredstatements="3" conditionals="0" coveredconditionals="0" methods="0" coveredmethods="0"/>
        <line num="1" count="2" type="stmt"/>
        <line num="3" count="2" type="stmt"/>
        <line num="5" count="2" type="stmt"/>
      </file>
      <file name="useOnlineStatus.js" path="/Users/rumitvarsani/Library/Mobile Documents/com~apple~CloudDocs/Documents/React_Learning/Food_ordering_app/src/Utils/useOnlineStatus.js">
        <metrics statements="8" coveredstatements="6" conditionals="0" coveredconditionals="0" methods="4" coveredmethods="2"/>
        <line num="3" count="1" type="stmt"/>
        <line num="4" count="4" type="stmt"/>
        <line num="5" count="4" type="stmt"/>
        <line num="6" count="3" type="stmt"/>
        <line num="7" count="0" type="stmt"/>
        <line num="9" count="3" type="stmt"/>
        <line num="10" count="0" type="stmt"/>
        <line num="13" count="4" type="stmt"/>
      </file>
    </package>
    <package name="component">
      <metrics statements="16" coveredstatements="14" conditionals="6" coveredconditionals="3" methods="8" coveredmethods="6"/>
      <file name="Header.js" path="/Users/rumitvarsani/Library/Mobile Documents/com~apple~CloudDocs/Documents/React_Learning/Food_ordering_app/src/component/Header.js">
        <metrics statements="6" coveredstatements="6" conditionals="6" coveredconditionals="3" methods="3" coveredmethods="3"/>
        <line num="10" count="1" type="stmt"/>
        <line num="11" count="4" type="stmt"/>
        <line num="12" count="4" type="stmt"/>
        <line num="14" count="7" type="stmt"/>
        <line num="16" count="4" type="stmt"/>
        <line num="81" count="1" type="cond" truecount="1" falsecount="1"/>
      </file>
      <file name="ResturentCard.js" path="/Users/rumitvarsani/Library/Mobile Documents/com~apple~CloudDocs/Documents/React_Learning/Food_ordering_app/src/component/ResturentCard.js">
        <metrics statements="6" coveredstatements="4" conditionals="0" coveredconditionals="0" methods="3" coveredmethods="1"/>
        <line num="5" count="1" type="stmt"/>
        <line num="7" count="1" type="stmt"/>
        <line num="8" count="1" type="stmt"/>
        <line num="36" count="1" type="stmt"/>
        <line num="37" count="0" type="stmt"/>
        <line num="38" count="0" type="stmt"/>
      </file>
      <file name="contact.js" path="/Users/rumitvarsani/Library/Mobile Documents/com~apple~CloudDocs/Documents/React_Learning/Food_ordering_app/src/component/contact.js">
        <metrics statements="2" coveredstatements="2" conditionals="0" coveredconditionals="0" methods="1" coveredmethods="1"/>
        <line num="1" count="1" type="stmt"/>
        <line num="2" count="4" type="stmt"/>
      </file>
      <file name="sum.js" path="/Users/rumitvarsani/Library/Mobile Documents/com~apple~CloudDocs/Documents/React_Learning/Food_ordering_app/src/component/sum.js">
        <metrics statements="2" coveredstatements="2" conditionals="0" coveredconditionals="0" methods="1" coveredmethods="1"/>
        <line num="1" count="1" type="stmt"/>
        <line num="2" count="1" type="stmt"/>
      </file>
    </package>
  </project>
</coverage>
