{"/Users/rumitvarsani/Library/Mobile Documents/com~apple~CloudDocs/Documents/React_Learning/Food_ordering_app/src/Utils/UserContext.js": {"path":"/Users/rumitvarsani/Library/Mobile Documents/com~apple~CloudDocs/Documents/React_Learning/Food_ordering_app/src/Utils/UserContext.js","statementMap":{"0":{"start":{"line":3,"column":20},"end":{"line":6,"column":2}}},"fnMap":{},"branchMap":{},"s":{"0":2},"f":{},"b":{},"_coverageSchema":"1a1c01bbd47fc00a2c39e90264f33305004495a9","hash":"bc9b8a570deda3ca84f5dcfc55e544f58d6a2a70"}
,"/Users/rumitvarsani/Library/Mobile Documents/com~apple~CloudDocs/Documents/React_Learning/Food_ordering_app/src/Utils/appStore.js": {"path":"/Users/rumitvarsani/Library/Mobile Documents/com~apple~CloudDocs/Documents/React_Learning/Food_ordering_app/src/Utils/appStore.js","statementMap":{"0":{"start":{"line":4,"column":17},"end":{"line":8,"column":2}}},"fnMap":{},"branchMap":{},"s":{"0":1},"f":{},"b":{},"_coverageSchema":"1a1c01bbd47fc00a2c39e90264f33305004495a9","hash":"87046994f392423217e2089ac3a97313282d4223"}
,"/Users/rumitvarsani/Library/Mobile Documents/com~apple~CloudDocs/Documents/React_Learning/Food_ordering_app/src/Utils/cartSlice.js": {"path":"/Users/rumitvarsani/Library/Mobile Documents/com~apple~CloudDocs/Documents/React_Learning/Food_ordering_app/src/Utils/cartSlice.js","statementMap":{"0":{"start":{"line":3,"column":18},"end":{"line":20,"column":2}},"1":{"start":{"line":10,"column":12},"end":{"line":10,"column":45}},"2":{"start":{"line":13,"column":12},"end":{"line":13,"column":30}},"3":{"start":{"line":16,"column":12},"end":{"line":16,"column":35}},"4":{"start":{"line":21,"column":48},"end":{"line":21,"column":65}}},"fnMap":{"0":{"name":"(anonymous_0)","decl":{"start":{"line":9,"column":17},"end":{"line":9,"column":18}},"loc":{"start":{"line":9,"column":33},"end":{"line":11,"column":9}},"line":9},"1":{"name":"(anonymous_1)","decl":{"start":{"line":12,"column":20},"end":{"line":12,"column":21}},"loc":{"start":{"line":12,"column":29},"end":{"line":14,"column":9}},"line":12},"2":{"name":"(anonymous_2)","decl":{"start":{"line":15,"column":18},"end":{"line":15,"column":19}},"loc":{"start":{"line":15,"column":27},"end":{"line":17,"column":9}},"line":15}},"branchMap":{},"s":{"0":1,"1":0,"2":0,"3":0,"4":1},"f":{"0":0,"1":0,"2":0},"b":{},"_coverageSchema":"1a1c01bbd47fc00a2c39e90264f33305004495a9","hash":"2c68c8d4a1f726aabb89aaeabaed25b44797f47c"}
,"/Users/rumitvarsani/Library/Mobile Documents/com~apple~CloudDocs/Documents/React_Learning/Food_ordering_app/src/Utils/contants.js": {"path":"/Users/rumitvarsani/Library/Mobile Documents/com~apple~CloudDocs/Documents/React_Learning/Food_ordering_app/src/Utils/contants.js","statementMap":{"0":{"start":{"line":1,"column":23},"end":{"line":1,"column":106}},"1":{"start":{"line":3,"column":24},"end":{"line":3,"column":207}},"2":{"start":{"line":5,"column":26},"end":{"line":5,"column":156}}},"fnMap":{},"branchMap":{},"s":{"0":2,"1":2,"2":2},"f":{},"b":{},"_coverageSchema":"1a1c01bbd47fc00a2c39e90264f33305004495a9","hash":"7eb7dd5ea0311a911a446b3ffdce99ba9adeb174"}
,"/Users/rumitvarsani/Library/Mobile Documents/com~apple~CloudDocs/Documents/React_Learning/Food_ordering_app/src/Utils/useOnlineStatus.js": {"path":"/Users/rumitvarsani/Library/Mobile Documents/com~apple~CloudDocs/Documents/React_Learning/Food_ordering_app/src/Utils/useOnlineStatus.js","statementMap":{"0":{"start":{"line":3,"column":22},"end":{"line":14,"column":1}},"1":{"start":{"line":4,"column":43},"end":{"line":4,"column":57}},"2":{"start":{"line":5,"column":4},"end":{"line":12,"column":10}},"3":{"start":{"line":6,"column":8},"end":{"line":8,"column":11}},"4":{"start":{"line":7,"column":12},"end":{"line":7,"column":35}},"5":{"start":{"line":9,"column":8},"end":{"line":11,"column":11}},"6":{"start":{"line":10,"column":12},"end":{"line":10,"column":34}},"7":{"start":{"line":13,"column":4},"end":{"line":13,"column":24}}},"fnMap":{"0":{"name":"(anonymous_0)","decl":{"start":{"line":3,"column":22},"end":{"line":3,"column":23}},"loc":{"start":{"line":3,"column":26},"end":{"line":14,"column":1}},"line":3},"1":{"name":"(anonymous_1)","decl":{"start":{"line":5,"column":14},"end":{"line":5,"column":15}},"loc":{"start":{"line":5,"column":18},"end":{"line":12,"column":5}},"line":5},"2":{"name":"(anonymous_2)","decl":{"start":{"line":6,"column":42},"end":{"line":6,"column":43}},"loc":{"start":{"line":6,"column":46},"end":{"line":8,"column":9}},"line":6},"3":{"name":"(anonymous_3)","decl":{"start":{"line":9,"column":41},"end":{"line":9,"column":42}},"loc":{"start":{"line":9,"column":45},"end":{"line":11,"column":9}},"line":9}},"branchMap":{},"s":{"0":1,"1":4,"2":4,"3":3,"4":0,"5":3,"6":0,"7":4},"f":{"0":4,"1":3,"2":0,"3":0},"b":{},"_coverageSchema":"1a1c01bbd47fc00a2c39e90264f33305004495a9","hash":"79269dc436c4b638db9a545316bc1b79394d8c2a"}
,"/Users/rumitvarsani/Library/Mobile Documents/com~apple~CloudDocs/Documents/React_Learning/Food_ordering_app/src/component/Header.js": {"path":"/Users/rumitvarsani/Library/Mobile Documents/com~apple~CloudDocs/Documents/React_Learning/Food_ordering_app/src/component/Header.js","statementMap":{"0":{"start":{"line":10,"column":15},"end":{"line":89,"column":1}},"1":{"start":{"line":11,"column":46},"end":{"line":11,"column":63}},"2":{"start":{"line":12,"column":23},"end":{"line":12,"column":40}},"3":{"start":{"line":14,"column":15},"end":{"line":14,"column":55}},"4":{"start":{"line":14,"column":38},"end":{"line":14,"column":54}},"5":{"start":{"line":16,"column":2},"end":{"line":88,"column":4}},"6":{"start":{"line":81,"column":12},"end":{"line":81,"column":78}}},"fnMap":{"0":{"name":"(anonymous_0)","decl":{"start":{"line":10,"column":15},"end":{"line":10,"column":16}},"loc":{"start":{"line":10,"column":21},"end":{"line":89,"column":1}},"line":10},"1":{"name":"(anonymous_1)","decl":{"start":{"line":14,"column":27},"end":{"line":14,"column":28}},"loc":{"start":{"line":14,"column":38},"end":{"line":14,"column":54}},"line":14},"2":{"name":"(anonymous_2)","decl":{"start":{"line":80,"column":19},"end":{"line":80,"column":20}},"loc":{"start":{"line":81,"column":12},"end":{"line":81,"column":78}},"line":81}},"branchMap":{"0":{"loc":{"start":{"line":28,"column":13},"end":{"line":36,"column":13}},"type":"cond-expr","locations":[{"start":{"line":29,"column":14},"end":{"line":31,"column":21}},{"start":{"line":33,"column":14},"end":{"line":35,"column":21}}],"line":28},"1":{"loc":{"start":{"line":70,"column":11},"end":{"line":74,"column":11}},"type":"binary-expr","locations":[{"start":{"line":70,"column":11},"end":{"line":70,"column":26}},{"start":{"line":71,"column":12},"end":{"line":73,"column":19}}],"line":70},"2":{"loc":{"start":{"line":81,"column":30},"end":{"line":81,"column":77}},"type":"cond-expr","locations":[{"start":{"line":81,"column":59},"end":{"line":81,"column":67}},{"start":{"line":81,"column":70},"end":{"line":81,"column":77}}],"line":81}},"s":{"0":1,"1":4,"2":4,"3":4,"4":7,"5":4,"6":1},"f":{"0":4,"1":7,"2":1},"b":{"0":[4,0],"1":[4,0],"2":[1,0]},"_coverageSchema":"1a1c01bbd47fc00a2c39e90264f33305004495a9","hash":"c1b9882398a15a0582d28edff8ead92ce90f3d04"}
,"/Users/rumitvarsani/Library/Mobile Documents/com~apple~CloudDocs/Documents/React_Learning/Food_ordering_app/src/component/ResturentCard.js": {"path":"/Users/rumitvarsani/Library/Mobile Documents/com~apple~CloudDocs/Documents/React_Learning/Food_ordering_app/src/component/ResturentCard.js","statementMap":{"0":{"start":{"line":5,"column":22},"end":{"line":34,"column":1}},"1":{"start":{"line":7,"column":25},"end":{"line":7,"column":48}},"2":{"start":{"line":8,"column":2},"end":{"line":33,"column":4}},"3":{"start":{"line":36,"column":33},"end":{"line":47,"column":1}},"4":{"start":{"line":37,"column":2},"end":{"line":46,"column":4}},"5":{"start":{"line":38,"column":4},"end":{"line":45,"column":6}}},"fnMap":{"0":{"name":"(anonymous_0)","decl":{"start":{"line":5,"column":22},"end":{"line":5,"column":23}},"loc":{"start":{"line":5,"column":39},"end":{"line":34,"column":1}},"line":5},"1":{"name":"(anonymous_1)","decl":{"start":{"line":36,"column":33},"end":{"line":36,"column":34}},"loc":{"start":{"line":36,"column":52},"end":{"line":47,"column":1}},"line":36},"2":{"name":"(anonymous_2)","decl":{"start":{"line":37,"column":9},"end":{"line":37,"column":10}},"loc":{"start":{"line":37,"column":20},"end":{"line":46,"column":3}},"line":37}},"branchMap":{},"s":{"0":1,"1":1,"2":1,"3":1,"4":0,"5":0},"f":{"0":1,"1":0,"2":0},"b":{},"_coverageSchema":"1a1c01bbd47fc00a2c39e90264f33305004495a9","hash":"a691f89125850446e9ab2e223e59a5129e156e58"}
,"/Users/rumitvarsani/Library/Mobile Documents/com~apple~CloudDocs/Documents/React_Learning/Food_ordering_app/src/component/contact.js": {"path":"/Users/rumitvarsani/Library/Mobile Documents/com~apple~CloudDocs/Documents/React_Learning/Food_ordering_app/src/component/contact.js","statementMap":{"0":{"start":{"line":1,"column":16},"end":{"line":14,"column":1}},"1":{"start":{"line":2,"column":2},"end":{"line":13,"column":4}}},"fnMap":{"0":{"name":"(anonymous_0)","decl":{"start":{"line":1,"column":16},"end":{"line":1,"column":17}},"loc":{"start":{"line":1,"column":22},"end":{"line":14,"column":1}},"line":1}},"branchMap":{},"s":{"0":1,"1":4},"f":{"0":4},"b":{},"_coverageSchema":"1a1c01bbd47fc00a2c39e90264f33305004495a9","hash":"b75a757c397cab1bbdf37277522e3cd35c5a47bc"}
,"/Users/rumitvarsani/Library/Mobile Documents/com~apple~CloudDocs/Documents/React_Learning/Food_ordering_app/src/component/sum.js": {"path":"/Users/rumitvarsani/Library/Mobile Documents/com~apple~CloudDocs/Documents/React_Learning/Food_ordering_app/src/component/sum.js","statementMap":{"0":{"start":{"line":1,"column":19},"end":{"line":3,"column":1}},"1":{"start":{"line":2,"column":4},"end":{"line":2,"column":15}}},"fnMap":{"0":{"name":"(anonymous_0)","decl":{"start":{"line":1,"column":19},"end":{"line":1,"column":20}},"loc":{"start":{"line":1,"column":26},"end":{"line":3,"column":1}},"line":1}},"branchMap":{},"s":{"0":1,"1":1},"f":{"0":1},"b":{},"_coverageSchema":"1a1c01bbd47fc00a2c39e90264f33305004495a9","hash":"4f7777df0d6752b795e6239d1079fd96a950bd19"}
}
