TN:
SF:src/component/Body.js
FN:8,(anonymous_0)
FN:33,(anonymous_1)
FN:37,(anonymous_2)
FN:38,(anonymous_3)
FN:53,(anonymous_4)
FN:57,(anonymous_5)
FN:58,(anonymous_6)
FN:68,(anonymous_7)
FNF:8
FNH:7
FNDA:7,(anonymous_0)
FNDA:1,(anonymous_1)
FNDA:1,(anonymous_2)
FNDA:20,(anonymous_3)
FNDA:0,(anonymous_4)
FNDA:1,(anonymous_5)
FNDA:20,(anonymous_6)
FNDA:73,(anonymous_7)
DA:8,1
DA:9,7
DA:10,7
DA:11,7
DA:12,7
DA:13,7
DA:14,0
DA:21,7
DA:22,7
DA:33,1
DA:38,1
DA:39,20
DA:41,1
DA:53,0
DA:58,20
DA:59,1
DA:69,73
LF:17
LH:15
BRDA:13,0,0,0
BRDA:13,0,1,7
BRDA:74,1,0,0
BRDA:74,1,1,73
BRF:4
BRH:2
end_of_record
TN:
SF:src/component/ResturentCard.js
FN:5,(anonymous_0)
FN:36,(anonymous_1)
FN:37,(anonymous_2)
FNF:3
FNH:2
FNDA:74,(anonymous_0)
FNDA:7,(anonymous_1)
FNDA:0,(anonymous_2)
DA:5,2
DA:7,74
DA:8,74
DA:36,2
DA:37,7
DA:38,0
LF:6
LH:5
BRF:0
BRH:0
end_of_record
